VR Class/Library/Bee/Android/Prj/IL2CPP/Gradle/launcher/build/intermediates/manifest_merge_blame_file/release/manifest-merger-blame-release-report.txt
1<?xml version="1.0" encoding="utf-8"?>
2<manifest xmlns:android="http://schemas.android.com/apk/res/android"
3    package="com.Michael.VRClass"
4    android:installLocation="auto"
5    android:versionCode="1"
6    android:versionName="0.1" >
7
8    <uses-sdk
9        android:minSdkVersion="29"
9-->src\main\AndroidManifest.xml
10        android:targetSdkVersion="30" />
10-->src\main\AndroidManifest.xml
11
12    <supports-screens
12-->src\main\AndroidManifest.xml:3:3-163
13        android:anyDensity="true"
13-->src\main\AndroidManifest.xml:3:135-160
14        android:largeScreens="true"
14-->src\main\AndroidManifest.xml:3:78-105
15        android:normalScreens="true"
15-->src\main\AndroidManifest.xml:3:49-77
16        android:smallScreens="true"
16-->src\main\AndroidManifest.xml:3:21-48
17        android:xlargeScreens="true" />
17-->src\main\AndroidManifest.xml:3:106-134
18
19    <uses-feature
19-->[:unityLibrary] AndroidManifest.xml:12:5-15:31
20        android:name="android.hardware.vr.headtracking"
20-->[:unityLibrary] AndroidManifest.xml:13:9-56
21        android:required="true"
21-->[:unityLibrary] AndroidManifest.xml:14:9-32
22        android:version="1" />
22-->[:unityLibrary] AndroidManifest.xml:15:9-28
23    <uses-feature android:glEsVersion="0x00030000" />
23-->[:unityLibrary] AndroidManifest.xml:16:5-54
23-->[:unityLibrary] AndroidManifest.xml:16:19-51
24
25    <uses-permission android:name="android.permission.INTERNET" />
25-->[:unityLibrary] AndroidManifest.xml:18:5-67
25-->[:unityLibrary] AndroidManifest.xml:18:22-64
26    <uses-permission android:name="android.permission.RECORD_AUDIO" />
26-->[:unityLibrary] AndroidManifest.xml:19:5-71
26-->[:unityLibrary] AndroidManifest.xml:19:22-68
27    <uses-permission android:name="android.permission.MODIFY_AUDIO_SETTINGS" />
27-->[:unityLibrary] AndroidManifest.xml:20:5-80
27-->[:unityLibrary] AndroidManifest.xml:20:22-77
28
29    <uses-feature
29-->[:unityLibrary] AndroidManifest.xml:22:5-24:36
30        android:name="android.hardware.microphone"
30-->[:unityLibrary] AndroidManifest.xml:23:9-51
31        android:required="false" />
31-->[:unityLibrary] AndroidManifest.xml:24:9-33
32    <uses-feature
32-->[:unityLibrary] AndroidManifest.xml:25:5-27:36
33        android:name="android.hardware.touchscreen"
33-->[:unityLibrary] AndroidManifest.xml:26:9-52
34        android:required="false" />
34-->[:unityLibrary] AndroidManifest.xml:27:9-33
35    <uses-feature
35-->[:unityLibrary] AndroidManifest.xml:28:5-30:36
36        android:name="android.hardware.touchscreen.multitouch"
36-->[:unityLibrary] AndroidManifest.xml:29:9-63
37        android:required="false" />
37-->[:unityLibrary] AndroidManifest.xml:30:9-33
38    <uses-feature
38-->[:unityLibrary] AndroidManifest.xml:31:5-33:36
39        android:name="android.hardware.touchscreen.multitouch.distinct"
39-->[:unityLibrary] AndroidManifest.xml:32:9-72
40        android:required="false" />
40-->[:unityLibrary] AndroidManifest.xml:33:9-33
41
42    <application
42-->src\main\AndroidManifest.xml:4:3-83
43        android:allowBackup="false"
43-->[:unityLibrary] AndroidManifest.xml:36:9-36
44        android:extractNativeLibs="true"
44-->[:unityLibrary] AndroidManifest.xml:37:9-41
45        android:icon="@mipmap/app_icon"
45-->src\main\AndroidManifest.xml:4:49-80
46        android:label="@string/app_name"
46-->src\main\AndroidManifest.xml:4:16-48
47        android:networkSecurityConfig="@xml/network_sec_config" >
47-->[:unityLibrary] AndroidManifest.xml:40:9-64
48        <activity
48-->[:unityLibrary] AndroidManifest.xml:41:9-63:20
49            android:name="com.unity3d.player.UnityPlayerActivity"
49-->[:unityLibrary] AndroidManifest.xml:42:13-66
50            android:configChanges="keyboard|keyboardHidden|navigation|orientation|screenLayout|screenSize|uiMode|density"
50-->[:unityLibrary] AndroidManifest.xml:43:13-122
51            android:excludeFromRecents="true"
51-->[:unityLibrary] AndroidManifest.xml:44:13-46
52            android:hardwareAccelerated="false"
52-->[:unityLibrary] AndroidManifest.xml:45:13-48
53            android:launchMode="singleTask"
53-->[:unityLibrary] AndroidManifest.xml:46:13-44
54            android:resizeableActivity="false"
54-->[:unityLibrary] AndroidManifest.xml:47:13-47
55            android:screenOrientation="landscape"
55-->[:unityLibrary] AndroidManifest.xml:48:13-50
56            android:theme="@android:style/Theme.Black.NoTitleBar.Fullscreen" >
56-->[:unityLibrary] AndroidManifest.xml:49:13-77
57            <intent-filter>
57-->[:unityLibrary] AndroidManifest.xml:50:13-55:29
58                <action android:name="android.intent.action.MAIN" />
58-->[:unityLibrary] AndroidManifest.xml:51:17-69
58-->[:unityLibrary] AndroidManifest.xml:51:25-66
59
60                <category android:name="android.intent.category.LAUNCHER" />
60-->[:unityLibrary] AndroidManifest.xml:53:17-77
60-->[:unityLibrary] AndroidManifest.xml:53:27-74
61                <category android:name="com.oculus.intent.category.VR" />
61-->[:unityLibrary] AndroidManifest.xml:54:17-74
61-->[:unityLibrary] AndroidManifest.xml:54:27-71
62            </intent-filter>
63
64            <meta-data
64-->[:unityLibrary] AndroidManifest.xml:57:13-59:40
65                android:name="android.notch_support"
65-->[:unityLibrary] AndroidManifest.xml:58:17-53
66                android:value="true" />
66-->[:unityLibrary] AndroidManifest.xml:59:17-37
67            <meta-data
67-->[:unityLibrary] AndroidManifest.xml:60:13-62:40
68                android:name="com.oculus.vr.focusaware"
68-->[:unityLibrary] AndroidManifest.xml:61:17-56
69                android:value="true" />
69-->[:unityLibrary] AndroidManifest.xml:62:17-37
70        </activity>
71
72        <meta-data
72-->[:unityLibrary] AndroidManifest.xml:65:9-67:37
73            android:name="unityplayer.SkipPermissionsDialog"
73-->[:unityLibrary] AndroidManifest.xml:66:13-61
74            android:value="false" />
74-->[:unityLibrary] AndroidManifest.xml:67:13-34
75        <meta-data
75-->[:unityLibrary] AndroidManifest.xml:68:9-70:39
76            android:name="com.samsung.android.vr.application.mode"
76-->[:unityLibrary] AndroidManifest.xml:69:13-67
77            android:value="vr_only" />
77-->[:unityLibrary] AndroidManifest.xml:70:13-36
78        <meta-data
78-->[:unityLibrary] AndroidManifest.xml:71:9-73:33
79            android:name="unity.splash-mode"
79-->[:unityLibrary] AndroidManifest.xml:72:13-45
80            android:value="0" />
80-->[:unityLibrary] AndroidManifest.xml:73:13-30
81        <meta-data
81-->[:unityLibrary] AndroidManifest.xml:74:9-76:36
82            android:name="unity.splash-enable"
82-->[:unityLibrary] AndroidManifest.xml:75:13-47
83            android:value="True" />
83-->[:unityLibrary] AndroidManifest.xml:76:13-33
84        <meta-data
84-->[:unityLibrary] AndroidManifest.xml:77:9-79:36
85            android:name="unity.launch-fullscreen"
85-->[:unityLibrary] AndroidManifest.xml:78:13-51
86            android:value="True" />
86-->[:unityLibrary] AndroidManifest.xml:79:13-33
87        <meta-data
87-->[:unityLibrary] AndroidManifest.xml:80:9-82:37
88            android:name="unity.allow-resizable-window"
88-->[:unityLibrary] AndroidManifest.xml:81:13-56
89            android:value="False" />
89-->[:unityLibrary] AndroidManifest.xml:82:13-34
90        <meta-data
90-->[:unityLibrary] AndroidManifest.xml:83:9-85:50
91            android:name="notch.config"
91-->[:unityLibrary] AndroidManifest.xml:84:13-40
92            android:value="portrait|landscape" />
92-->[:unityLibrary] AndroidManifest.xml:85:13-47
93        <meta-data
93-->[:unityLibrary] AndroidManifest.xml:86:9-88:37
94            android:name="com.unity.xr.oculus.LowOverheadMode"
94-->[:unityLibrary] AndroidManifest.xml:87:13-63
95            android:value="false" />
95-->[:unityLibrary] AndroidManifest.xml:88:13-34
96        <meta-data
96-->[:unityLibrary] AndroidManifest.xml:89:9-91:37
97            android:name="com.unity.xr.oculus.LateLatching"
97-->[:unityLibrary] AndroidManifest.xml:90:13-60
98            android:value="false" />
98-->[:unityLibrary] AndroidManifest.xml:91:13-34
99        <meta-data
99-->[:unityLibrary] AndroidManifest.xml:92:9-94:37
100            android:name="com.unity.xr.oculus.LateLatchingDebug"
100-->[:unityLibrary] AndroidManifest.xml:93:13-65
101            android:value="false" />
101-->[:unityLibrary] AndroidManifest.xml:94:13-34
102        <meta-data
102-->[:unityLibrary] AndroidManifest.xml:95:9-97:44
103            android:name="com.oculus.supportedDevices"
103-->[:unityLibrary] AndroidManifest.xml:96:13-55
104            android:value="quest|quest2" />
104-->[:unityLibrary] AndroidManifest.xml:97:13-41
105    </application>
106
107</manifest>